SF:lib\about_us_page.dart
DA:7,1
DA:9,1
DA:10,1
DA:16,1
DA:18,2
DA:19,1
DA:22,0
DA:23,0
DA:26,0
DA:30,1
DA:32,1
DA:35,1
DA:36,1
DA:37,1
DA:38,1
DA:39,1
DA:62,1
DA:101,2
LF:18
LH:15
end_of_record
SF:lib\footer.dart
DA:7,5
DA:9,5
DA:11,5
DA:13,5
DA:15,5
DA:16,5
DA:17,5
DA:20,5
DA:65,5
DA:66,5
DA:68,5
DA:79,5
DA:81,5
DA:82,1
DA:83,1
DA:99,5
DA:100,5
DA:102,5
DA:113,5
DA:115,5
DA:116,0
DA:123,5
DA:125,5
DA:126,0
DA:133,5
DA:135,5
DA:136,0
DA:143,5
DA:145,5
DA:146,0
DA:161,5
DA:163,5
DA:168,10
DA:170,5
DA:172,1
DA:173,1
DA:174,1
DA:175,2
LF:38
LH:34
end_of_record
SF:lib\models\cart_provider.dart
DA:9,2
DA:19,3
DA:21,5
DA:22,16
DA:25,0
DA:26,0
DA:27,0
DA:30,2
DA:32,4
DA:34,2
DA:35,0
DA:37,6
DA:43,2
DA:46,0
DA:48,0
DA:49,0
DA:50,0
DA:51,0
DA:55,0
DA:57,0
DA:58,0
DA:59,0
DA:60,0
DA:62,0
DA:64,0
DA:68,0
DA:69,0
DA:70,0
DA:73,0
DA:74,0
DA:75,0
LF:31
LH:9
end_of_record
SF:lib\models\search_provider.dart
DA:6,12
DA:8,6
DA:9,6
DA:10,6
LF:4
LH:4
end_of_record
SF:lib\widgets\header_search_widget.dart
DA:9,4
DA:11,5
DA:12,5
DA:18,5
DA:20,10
DA:21,5
DA:24,0
DA:25,0
DA:26,0
DA:32,0
DA:33,0
DA:40,0
DA:41,0
DA:43,0
DA:44,0
DA:45,0
DA:46,0
DA:47,0
DA:48,0
DA:52,0
DA:58,5
DA:60,5
DA:62,5
DA:63,5
DA:65,5
DA:66,5
DA:67,10
DA:69,5
DA:70,5
DA:77,0
DA:80,5
DA:82,5
DA:86,5
DA:88,5
DA:89,5
LF:35
LH:20
end_of_record
SF:lib\widgets\app_drawer.dart
DA:4,1
DA:6,0
DA:7,0
DA:10,0
DA:12,0
DA:14,0
DA:15,0
DA:17,0
DA:23,0
DA:25,0
DA:26,0
DA:27,0
DA:28,0
DA:29,0
DA:33,0
DA:35,0
DA:36,0
DA:37,0
DA:38,0
DA:39,0
DA:43,0
DA:45,0
DA:46,0
DA:47,0
DA:48,0
DA:49,0
DA:53,0
DA:55,0
DA:56,0
DA:57,0
DA:58,0
DA:59,0
DA:63,0
DA:66,0
DA:67,0
DA:68,0
DA:70,0
DA:71,0
DA:72,0
DA:73,0
DA:74,0
DA:78,0
DA:80,0
DA:81,0
DA:82,0
DA:83,0
DA:84,0
LF:47
LH:1
end_of_record
SF:lib\widgets\app_header.dart
DA:9,1
DA:11,0
DA:12,0
DA:13,0
DA:17,4
DA:19,4
DA:22,4
DA:23,4
DA:24,4
DA:37,4
DA:38,4
DA:40,8
DA:41,8
DA:43,4
DA:44,4
DA:45,4
DA:46,0
DA:47,4
DA:51,0
DA:56,4
DA:60,0
DA:62,0
DA:63,0
DA:65,0
DA:66,0
DA:67,0
DA:71,0
DA:76,0
DA:78,0
DA:80,0
DA:81,0
DA:83,0
DA:85,0
DA:88,0
DA:90,0
DA:94,0
DA:96,0
DA:109,4
DA:110,4
DA:112,4
DA:113,4
DA:114,4
DA:116,0
DA:117,0
DA:120,4
DA:121,8
DA:122,4
DA:123,4
DA:129,0
DA:130,0
DA:133,8
DA:134,1
DA:137,1
DA:139,1
DA:141,1
DA:147,1
DA:148,2
DA:161,4
DA:162,8
DA:164,0
DA:165,0
DA:170,0
DA:172,0
DA:178,0
DA:179,0
DA:180,0
DA:182,0
DA:183,0
DA:185,0
DA:188,0
DA:190,0
DA:200,0
DA:201,0
DA:202,0
DA:203,0
DA:205,0
DA:233,4
LF:77
LH:34
end_of_record
SF:lib\models\all_products.dart
DA:3,3
DA:4,1
DA:13,1
DA:22,1
DA:30,1
DA:38,1
DA:47,1
DA:56,1
LF:8
LH:8
end_of_record
SF:lib\models\product_model.dart
DA:8,3
DA:16,0
DA:17,0
LF:3
LH:1
end_of_record
SF:lib\main.dart
DA:20,0
DA:21,0
DA:22,0
DA:23,0
DA:24,0
DA:25,0
DA:33,1
DA:35,1
DA:37,1
DA:40,1
DA:41,1
DA:45,1
DA:46,0
DA:47,0
DA:48,0
DA:49,0
DA:50,0
DA:51,0
DA:52,0
DA:53,0
DA:54,0
DA:55,0
DA:62,1
DA:64,1
DA:65,1
DA:71,1
DA:73,2
DA:74,1
DA:77,0
DA:78,0
DA:81,0
DA:82,0
DA:85,0
DA:89,1
DA:91,1
DA:94,1
DA:95,1
DA:96,1
DA:97,1
DA:99,1
DA:102,1
DA:103,1
DA:105,1
DA:106,1
DA:115,1
DA:123,1
DA:127,1
DA:129,1
DA:169,1
DA:170,0
DA:171,0
DA:173,1
DA:193,1
DA:195,1
DA:197,1
DA:198,1
DA:209,1
DA:210,1
DA:212,1
DA:213,1
DA:214,2
DA:215,1
DA:222,1
DA:223,1
DA:224,3
DA:225,3
DA:226,3
DA:227,3
DA:228,3
DA:230,1
DA:231,3
DA:232,3
DA:233,3
DA:234,3
DA:235,3
DA:244,1
DA:245,0
DA:246,0
DA:248,1
DA:273,1
DA:274,1
DA:276,1
DA:277,1
DA:278,2
DA:279,1
DA:286,1
DA:287,1
DA:288,3
DA:289,3
DA:290,3
DA:291,3
DA:293,1
DA:294,3
DA:295,3
DA:296,3
DA:297,3
DA:316,1
DA:317,0
DA:318,0
DA:320,1
DA:322,1
DA:326,0
DA:327,0
DA:328,0
DA:341,1
DA:360,2
DA:375,1
DA:384,1
DA:386,1
DA:387,0
DA:388,0
DA:391,0
DA:392,0
DA:393,0
DA:394,0
DA:395,0
DA:396,0
DA:400,1
DA:401,1
DA:403,1
DA:404,2
DA:413,1
DA:415,1
DA:416,1
DA:417,1
DA:420,1
DA:422,2
DA:423,1
DA:424,1
DA:427,1
DA:428,1
DA:429,1
DA:437,0
DA:438,0
DA:441,0
DA:442,0
DA:443,0
DA:454,1
DA:456,1
DA:458,1
DA:459,1
DA:460,1
DA:470,1
DA:471,1
DA:474,1
DA:475,1
DA:476,1
DA:483,1
DA:484,1
DA:494,1
DA:495,1
LF:151
LH:108
end_of_record
SF:lib\cart_page.dart
DA:9,1
DA:11,0
DA:12,0
DA:18,0
DA:20,0
DA:21,0
DA:24,0
DA:25,0
DA:28,0
DA:30,0
DA:32,0
DA:35,0
DA:36,0
DA:37,0
DA:38,0
DA:40,0
DA:42,0
DA:64,0
DA:66,0
DA:73,0
DA:76,0
DA:77,0
DA:78,0
DA:88,0
DA:90,0
DA:96,0
DA:97,0
DA:120,0
DA:122,0
DA:128,0
DA:129,0
DA:136,0
DA:139,0
DA:140,0
DA:143,0
DA:153,0
DA:164,0
DA:166,0
DA:168,0
DA:169,0
DA:172,0
DA:174,0
DA:176,0
DA:177,0
DA:178,0
DA:182,0
DA:186,0
DA:187,0
DA:189,0
DA:190,0
DA:191,0
DA:196,0
DA:197,0
DA:202,0
DA:204,0
DA:205,0
DA:206,0
DA:209,0
DA:210,0
DA:211,0
DA:224,0
DA:226,0
DA:228,0
DA:229,0
DA:230,0
DA:234,0
DA:238,0
DA:239,0
DA:241,0
DA:242,0
DA:243,0
DA:248,0
DA:249,0
DA:250,0
DA:252,0
DA:253,0
DA:263,0
DA:265,0
DA:266,0
DA:267,0
DA:271,0
DA:273,0
DA:274,0
DA:275,0
DA:286,0
DA:287,0
DA:288,0
DA:289,0
DA:290,0
DA:292,0
DA:293,0
DA:294,0
DA:296,0
DA:297,0
DA:298,0
DA:303,0
DA:304,0
DA:307,0
DA:309,0
DA:310,0
DA:311,0
LF:101
LH:1
end_of_record
SF:lib\collection_one_page.dart
DA:8,1
DA:10,0
DA:11,0
DA:20,0
DA:22,0
DA:23,0
DA:24,0
DA:32,0
DA:41,0
DA:50,0
DA:53,0
DA:55,0
DA:56,0
DA:59,0
DA:60,0
DA:63,0
DA:67,0
DA:68,0
DA:69,0
DA:70,0
DA:71,0
DA:72,0
DA:73,0
DA:75,0
DA:76,0
DA:77,0
DA:80,0
DA:85,0
DA:87,0
DA:90,0
DA:91,0
DA:92,0
DA:93,0
DA:95,0
DA:119,0
DA:122,0
DA:124,0
DA:129,0
DA:130,0
DA:133,0
DA:134,0
DA:135,0
DA:139,0
DA:140,0
DA:142,0
DA:144,0
DA:145,0
DA:154,0
DA:156,0
DA:158,0
DA:159,0
DA:161,0
DA:162,0
DA:163,0
DA:164,0
DA:168,0
DA:174,0
DA:175,0
DA:176,0
DA:177,0
DA:178,0
DA:179,0
DA:180,0
DA:181,0
DA:182,0
DA:192,0
DA:207,0
DA:216,0
DA:218,0
DA:219,0
DA:220,0
DA:223,0
DA:224,0
DA:225,0
DA:226,0
DA:227,0
DA:228,0
DA:232,0
DA:233,0
DA:235,0
DA:236,0
DA:245,0
DA:247,0
DA:248,0
DA:249,0
DA:252,0
DA:254,0
DA:255,0
DA:256,0
DA:259,0
DA:260,0
DA:261,0
DA:269,0
DA:270,0
DA:273,0
DA:274,0
DA:275,0
DA:286,0
DA:288,0
DA:290,0
DA:291,0
DA:292,0
DA:302,0
DA:303,0
DA:306,0
DA:307,0
DA:308,0
DA:315,0
DA:316,0
DA:326,0
DA:327,0
LF:111
LH:1
end_of_record
SF:lib\collection_two_page.dart
DA:9,1
DA:11,0
DA:12,0
DA:21,0
DA:23,0
DA:24,0
DA:25,0
DA:34,0
DA:43,0
DA:52,0
DA:61,0
DA:69,0
DA:78,0
DA:81,0
DA:83,0
DA:84,0
DA:87,0
DA:88,0
DA:91,0
DA:92,0
DA:93,0
DA:94,0
DA:95,0
DA:96,0
DA:97,0
DA:99,0
DA:100,0
DA:101,0
DA:104,0
DA:109,0
DA:111,0
DA:114,0
DA:115,0
DA:116,0
DA:117,0
DA:119,0
DA:143,0
DA:146,0
DA:148,0
DA:153,0
DA:154,0
DA:157,0
DA:158,0
DA:159,0
DA:163,0
DA:164,0
DA:166,0
DA:168,0
DA:169,0
DA:178,0
DA:180,0
DA:182,0
DA:183,0
DA:185,0
DA:186,0
DA:187,0
DA:188,0
DA:192,0
DA:198,0
DA:199,0
DA:200,0
DA:201,0
DA:202,0
DA:203,0
DA:204,0
DA:205,0
DA:206,0
DA:216,0
LF:68
LH:1
end_of_record
SF:lib\collections_page.dart
DA:7,1
DA:9,0
DA:10,0
DA:16,0
DA:18,0
DA:19,0
DA:22,0
DA:23,0
DA:26,0
DA:30,0
DA:32,0
DA:35,0
DA:36,0
DA:37,0
DA:38,0
DA:40,0
DA:64,0
DA:66,0
DA:68,0
DA:69,0
DA:71,0
DA:72,0
DA:73,0
DA:74,0
DA:108,0
DA:121,1
DA:128,0
DA:130,0
DA:131,0
DA:132,0
DA:133,0
DA:136,0
DA:137,0
DA:139,0
DA:140,0
DA:149,0
DA:150,0
DA:151,0
DA:152,0
DA:153,0
DA:154,0
DA:155,0
DA:157,0
DA:158,0
DA:159,0
DA:169,0
DA:170,0
DA:171,0
DA:172,0
DA:181,0
DA:185,0
DA:186,0
LF:52
LH:2
end_of_record
SF:lib\login_page.dart
DA:7,1
DA:9,1
DA:10,1
DA:19,1
DA:20,2
DA:23,1
DA:24,3
DA:26,3
DA:29,2
DA:33,1
DA:35,2
DA:36,2
DA:37,2
DA:38,1
DA:41,1
DA:43,1
DA:46,1
DA:47,1
DA:48,1
DA:49,1
DA:51,1
DA:53,1
DA:54,1
DA:57,1
DA:59,1
DA:60,2
DA:69,1
DA:70,1
DA:71,1
DA:73,1
DA:74,1
DA:86,1
DA:87,1
DA:93,1
DA:94,1
DA:97,1
DA:98,1
DA:105,1
DA:106,1
DA:113,1
DA:114,1
DA:121,1
DA:124,1
DA:125,1
DA:126,1
DA:129,1
DA:130,1
DA:142,2
LF:48
LH:48
end_of_record
SF:lib\personalise_page.dart
DA:12,1
DA:14,0
DA:15,0
DA:36,0
DA:38,0
DA:39,0
DA:40,0
DA:41,0
DA:44,0
DA:45,0
DA:46,0
DA:47,0
DA:48,0
DA:49,0
DA:51,0
DA:52,0
DA:54,0
DA:58,0
DA:60,0
DA:61,0
DA:62,0
DA:63,0
DA:64,0
DA:67,0
DA:68,0
DA:71,0
DA:75,0
DA:77,0
DA:80,0
DA:81,0
DA:82,0
DA:83,0
DA:85,0
DA:88,0
DA:89,0
DA:91,0
DA:93,0
DA:100,0
DA:101,0
DA:102,0
DA:104,0
DA:105,0
DA:106,0
DA:108,0
DA:112,0
DA:114,0
DA:115,0
DA:117,0
DA:119,0
DA:131,0
DA:138,0
DA:139,0
DA:141,0
DA:142,0
DA:143,0
DA:152,0
DA:153,0
DA:155,0
DA:157,0
DA:165,0
DA:166,0
DA:168,0
DA:185,0
DA:186,0
DA:204,0
DA:205,0
DA:206,0
DA:207,0
DA:220,0
DA:221,0
DA:225,0
DA:226,0
DA:228,0
DA:230,0
DA:231,0
DA:232,0
DA:233,0
DA:238,0
DA:239,0
DA:245,0
DA:246,0
DA:247,0
DA:249,0
DA:250,0
DA:257,0
DA:258,0
DA:260,0
DA:261,0
DA:268,0
DA:269,0
DA:276,0
DA:277,0
DA:278,0
DA:279,0
DA:280,0
DA:282,0
DA:284,0
DA:285,0
DA:287,0
DA:288,0
DA:289,0
DA:290,0
DA:295,0
DA:297,0
DA:298,0
DA:305,0
DA:307,0
DA:308,0
DA:309,0
DA:316,0
DA:317,0
DA:320,0
DA:321,0
DA:322,0
DA:323,0
DA:332,0
DA:337,0
DA:340,0
DA:341,0
DA:343,0
DA:344,0
DA:346,0
DA:348,0
DA:350,0
DA:351,0
DA:358,0
DA:361,0
DA:362,0
LF:128
LH:1
end_of_record
SF:lib\product_page.dart
DA:10,1
DA:12,1
DA:13,1
DA:24,1
DA:26,1
DA:27,1
DA:29,4
DA:30,1
DA:31,1
DA:33,1
DA:34,2
DA:36,2
DA:37,2
DA:38,1
DA:39,1
DA:42,2
DA:43,0
DA:46,2
DA:47,0
DA:51,1
DA:55,1
DA:57,2
DA:58,1
DA:61,0
DA:62,0
DA:65,0
DA:69,1
DA:70,1
DA:71,1
DA:74,1
DA:75,1
DA:76,1
DA:84,1
DA:87,1
DA:88,1
DA:89,1
DA:99,1
DA:103,1
DA:106,1
DA:107,1
DA:108,1
DA:109,1
DA:111,1
DA:114,1
DA:115,1
DA:116,2
DA:118,1
DA:120,1
DA:121,1
DA:123,1
DA:127,0
DA:129,0
DA:130,0
DA:133,0
DA:142,2
DA:149,1
DA:150,1
DA:152,1
DA:153,1
DA:156,1
DA:158,2
DA:163,3
DA:164,1
DA:166,3
DA:167,2
DA:168,1
DA:169,1
DA:170,2
DA:171,1
DA:174,1
DA:178,1
DA:180,1
DA:181,2
DA:182,1
DA:185,1
DA:188,1
DA:194,1
DA:196,3
DA:197,1
DA:198,1
DA:199,1
DA:200,1
DA:202,1
DA:204,1
DA:206,1
DA:219,1
DA:220,1
DA:221,1
DA:230,1
DA:241,1
DA:250,1
DA:253,1
DA:257,1
DA:265,1
DA:266,1
DA:267,2
DA:268,1
DA:270,1
DA:272,1
DA:273,1
DA:275,1
DA:276,2
DA:277,2
DA:278,2
DA:283,1
DA:284,2
DA:290,1
DA:292,1
DA:293,2
DA:294,2
DA:304,1
DA:307,1
DA:311,1
DA:319,1
DA:321,1
DA:322,2
DA:323,1
DA:325,1
DA:326,1
DA:328,3
DA:329,1
DA:331,1
DA:333,1
DA:334,1
DA:335,2
DA:336,1
DA:344,1
DA:347,1
DA:350,1
DA:351,1
DA:352,2
DA:365,1
DA:366,2
DA:375,1
DA:378,1
DA:381,1
DA:382,1
DA:383,1
DA:387,1
DA:390,1
DA:391,3
DA:394,2
DA:395,1
DA:396,2
DA:398,1
DA:400,0
DA:401,0
DA:408,1
DA:411,1
DA:412,1
DA:425,1
DA:428,1
DA:436,1
DA:437,1
LF:154
LH:143
end_of_record
SF:lib\sale_page.dart
DA:9,1
DA:11,0
DA:12,0
DA:21,0
DA:23,0
DA:24,0
DA:25,0
DA:28,0
DA:30,0
DA:31,0
DA:34,0
DA:35,0
DA:38,0
DA:42,0
DA:43,0
DA:44,0
DA:45,0
DA:46,0
DA:47,0
DA:48,0
DA:50,0
DA:51,0
DA:52,0
DA:55,0
DA:60,0
DA:62,0
DA:65,0
DA:66,0
DA:67,0
DA:68,0
DA:70,0
DA:73,0
DA:94,0
DA:97,0
DA:99,0
DA:102,0
DA:103,0
DA:104,0
DA:108,0
DA:109,0
DA:111,0
DA:113,0
DA:114,0
DA:121,0
DA:123,0
DA:125,0
DA:126,0
DA:128,0
DA:129,0
DA:130,0
DA:131,0
DA:135,0
DA:141,0
DA:142,0
DA:143,0
DA:144,0
DA:145,0
DA:146,0
DA:147,0
DA:148,0
DA:149,0
DA:161,0
DA:176,0
DA:185,0
DA:187,0
DA:188,0
DA:189,0
DA:192,0
DA:193,0
DA:194,0
DA:195,0
DA:196,0
DA:197,0
DA:201,0
DA:202,0
DA:204,0
DA:205,0
DA:214,0
DA:216,0
DA:217,0
DA:218,0
DA:221,0
DA:223,0
DA:224,0
DA:225,0
DA:228,0
DA:229,0
DA:230,0
DA:238,0
DA:239,0
DA:242,0
DA:243,0
DA:244,0
DA:255,0
DA:257,0
DA:259,0
DA:260,0
DA:261,0
DA:271,0
DA:272,0
DA:275,0
DA:276,0
DA:277,0
DA:284,0
DA:285,0
DA:295,0
DA:296,0
LF:107
LH:1
end_of_record
SF:lib\printshark_page.dart
DA:7,1
DA:9,0
DA:10,0
DA:16,0
DA:18,0
DA:19,0
DA:22,0
DA:23,0
DA:26,0
DA:30,0
DA:32,0
DA:35,0
DA:36,0
DA:37,0
DA:38,0
DA:39,0
DA:57,0
DA:60,0
DA:61,0
DA:63,0
DA:65,0
DA:83,0
DA:88,0
DA:93,0
DA:98,0
DA:109,0
DA:112,0
DA:115,0
DA:118,0
DA:125,0
DA:127,0
DA:128,0
DA:129,0
DA:131,0
DA:136,0
DA:137,0
DA:146,0
DA:153,0
DA:154,0
DA:156,0
DA:159,0
DA:160,0
DA:162,0
DA:163,0
DA:169,0
DA:180,0
DA:181,0
DA:183,0
DA:184,0
DA:186,0
DA:187,0
LF:51
LH:1
end_of_record
