SF:lib\models\cart_provider.dart
DA:9,6
DA:19,15
DA:21,20
DA:22,58
DA:25,3
DA:26,6
DA:27,18
DA:30,6
DA:32,22
DA:34,6
DA:35,4
DA:37,18
DA:43,6
DA:46,3
DA:48,18
DA:49,3
DA:50,12
DA:51,3
DA:55,3
DA:57,18
DA:58,3
DA:59,12
DA:60,12
DA:62,2
DA:64,3
DA:68,3
DA:69,18
DA:70,3
DA:73,2
DA:74,4
DA:75,2
LF:31
LH:31
end_of_record
SF:lib\models\product_model.dart
DA:8,13
DA:16,6
DA:17,18
LF:3
LH:3
end_of_record
SF:lib\about_us_page.dart
DA:7,2
DA:9,2
DA:10,2
DA:16,2
DA:18,4
DA:19,2
DA:22,0
DA:23,0
DA:26,0
DA:30,2
DA:32,2
DA:35,2
DA:36,2
DA:37,2
DA:38,2
DA:39,2
DA:62,2
DA:101,4
LF:18
LH:15
end_of_record
SF:lib\footer.dart
DA:7,19
DA:9,19
DA:11,19
DA:13,19
DA:15,19
DA:16,19
DA:17,19
DA:20,19
DA:65,19
DA:66,19
DA:68,19
DA:79,19
DA:81,19
DA:82,1
DA:83,1
DA:99,19
DA:100,19
DA:102,19
DA:113,19
DA:115,19
DA:116,0
DA:123,19
DA:125,19
DA:126,0
DA:133,19
DA:135,19
DA:136,0
DA:143,19
DA:145,19
DA:146,0
DA:161,19
DA:163,19
DA:168,38
DA:170,19
DA:172,1
DA:173,1
DA:174,1
DA:175,2
LF:38
LH:34
end_of_record
SF:lib\widgets\app_drawer.dart
DA:4,3
DA:6,1
DA:7,2
DA:10,1
DA:12,3
DA:14,1
DA:15,1
DA:17,1
DA:23,1
DA:25,1
DA:26,1
DA:27,1
DA:28,1
DA:29,1
DA:33,1
DA:35,1
DA:36,1
DA:37,1
DA:38,1
DA:39,1
DA:43,1
DA:45,1
DA:46,1
DA:47,1
DA:48,1
DA:49,1
DA:53,1
DA:55,1
DA:56,1
DA:57,1
DA:58,1
DA:59,1
DA:63,1
DA:66,2
DA:67,1
DA:68,1
DA:70,1
DA:71,1
DA:72,1
DA:73,1
DA:74,1
DA:78,1
DA:80,1
DA:81,1
DA:82,1
DA:83,1
DA:84,1
LF:47
LH:47
end_of_record
SF:lib\widgets\app_header.dart
DA:9,3
DA:11,0
DA:12,0
DA:13,0
DA:17,18
DA:19,18
DA:22,18
DA:23,18
DA:24,18
DA:37,18
DA:38,18
DA:40,36
DA:41,36
DA:43,15
DA:44,15
DA:45,15
DA:46,0
DA:47,15
DA:51,0
DA:56,15
DA:60,3
DA:62,3
DA:63,3
DA:65,3
DA:66,0
DA:67,3
DA:71,0
DA:76,3
DA:78,3
DA:80,3
DA:81,3
DA:83,3
DA:85,3
DA:88,3
DA:90,3
DA:94,3
DA:96,3
DA:109,18
DA:110,18
DA:112,18
DA:113,18
DA:114,18
DA:116,0
DA:117,0
DA:120,18
DA:121,36
DA:122,18
DA:123,18
DA:129,0
DA:130,0
DA:133,36
DA:134,4
DA:137,4
DA:139,4
DA:141,4
DA:147,4
DA:148,8
DA:161,15
DA:162,30
DA:164,0
DA:165,0
DA:170,3
DA:172,0
DA:178,3
DA:179,6
DA:180,3
DA:182,3
DA:183,0
DA:185,0
DA:188,3
DA:190,3
DA:200,3
DA:201,3
DA:202,0
DA:203,0
DA:205,0
DA:233,18
LF:77
LH:58
end_of_record
SF:lib\models\search_provider.dart
DA:6,42
DA:8,9
DA:9,9
DA:10,9
LF:4
LH:4
end_of_record
SF:lib\models\all_products.dart
DA:3,15
DA:4,5
DA:13,5
DA:22,5
DA:30,5
DA:38,5
DA:47,5
DA:56,5
LF:8
LH:8
end_of_record
SF:lib\widgets\header_search_widget.dart
DA:9,18
DA:11,19
DA:12,19
DA:18,19
DA:20,38
DA:21,19
DA:24,1
DA:25,3
DA:26,1
DA:32,2
DA:33,5
DA:40,1
DA:41,1
DA:43,1
DA:44,1
DA:45,1
DA:46,1
DA:47,1
DA:48,1
DA:52,3
DA:58,19
DA:60,19
DA:62,19
DA:63,7
DA:65,7
DA:66,7
DA:67,14
DA:69,7
DA:70,7
DA:77,2
DA:80,7
DA:82,7
DA:86,19
DA:88,7
DA:89,7
LF:35
LH:35
end_of_record
SF:lib\main.dart
DA:21,0
DA:22,0
DA:23,0
DA:24,0
DA:25,0
DA:26,0
DA:34,1
DA:36,1
DA:38,1
DA:41,1
DA:42,1
DA:46,1
DA:47,0
DA:48,0
DA:49,1
DA:50,0
DA:51,0
DA:52,1
DA:53,0
DA:54,0
DA:55,0
DA:56,1
DA:57,0
DA:64,1
DA:66,1
DA:67,1
DA:73,1
DA:75,2
DA:76,1
DA:79,0
DA:80,0
DA:83,0
DA:84,0
DA:87,0
DA:91,1
DA:93,1
DA:96,1
DA:97,1
DA:98,1
DA:99,1
DA:101,1
DA:104,1
DA:105,1
DA:107,1
DA:108,1
DA:117,1
DA:125,1
DA:129,1
DA:131,1
DA:171,1
DA:172,1
DA:173,1
DA:175,1
DA:195,1
DA:197,1
DA:199,1
DA:200,1
DA:211,1
DA:212,1
DA:214,1
DA:215,1
DA:216,2
DA:217,1
DA:224,1
DA:225,1
DA:226,3
DA:227,3
DA:228,3
DA:229,3
DA:230,3
DA:232,1
DA:233,3
DA:234,3
DA:235,3
DA:236,3
DA:237,3
DA:246,1
DA:247,1
DA:248,1
DA:250,1
DA:275,1
DA:276,1
DA:278,1
DA:279,1
DA:280,2
DA:281,1
DA:288,1
DA:289,1
DA:290,3
DA:291,3
DA:292,3
DA:293,3
DA:295,1
DA:296,3
DA:297,3
DA:298,3
DA:299,3
DA:318,1
DA:319,1
DA:320,1
DA:322,1
DA:324,1
DA:328,0
DA:329,0
DA:330,0
DA:343,1
DA:362,2
DA:377,1
DA:386,1
DA:388,1
DA:389,0
DA:390,0
DA:393,0
DA:394,0
DA:395,0
DA:396,0
DA:397,0
DA:398,0
DA:402,1
DA:403,1
DA:405,1
DA:406,2
DA:415,1
DA:417,1
DA:418,1
DA:419,1
DA:422,1
DA:424,2
DA:425,1
DA:426,1
DA:429,1
DA:430,1
DA:431,1
DA:439,0
DA:440,0
DA:443,0
DA:444,0
DA:445,0
DA:456,1
DA:458,1
DA:460,1
DA:461,1
DA:462,1
DA:472,1
DA:473,1
DA:476,1
DA:477,1
DA:478,1
DA:485,1
DA:486,1
DA:496,1
DA:497,1
LF:152
LH:117
end_of_record
SF:lib\personalise_page.dart
DA:12,1
DA:14,2
DA:15,2
DA:36,2
DA:38,2
DA:39,6
DA:40,6
DA:41,6
DA:44,1
DA:45,2
DA:46,3
DA:47,2
DA:48,2
DA:49,3
DA:51,2
DA:52,3
DA:54,5
DA:58,2
DA:60,4
DA:61,4
DA:62,4
DA:63,4
DA:64,2
DA:67,0
DA:68,0
DA:71,0
DA:75,2
DA:77,2
DA:80,2
DA:81,2
DA:82,2
DA:83,2
DA:85,2
DA:88,2
DA:89,2
DA:91,2
DA:93,2
DA:100,2
DA:101,2
DA:102,4
DA:104,2
DA:105,2
DA:106,2
DA:108,2
DA:112,0
DA:114,0
DA:115,0
DA:117,0
DA:119,0
DA:131,4
DA:138,2
DA:139,2
DA:141,2
DA:142,2
DA:143,4
DA:152,1
DA:153,1
DA:155,1
DA:157,1
DA:165,2
DA:166,2
DA:168,2
DA:185,2
DA:186,2
DA:204,1
DA:205,2
DA:206,1
DA:207,1
DA:220,2
DA:221,2
DA:225,6
DA:226,2
DA:228,2
DA:230,2
DA:231,0
DA:232,0
DA:233,0
DA:238,2
DA:239,2
DA:245,4
DA:246,4
DA:247,1
DA:249,1
DA:250,1
DA:257,4
DA:258,1
DA:260,1
DA:261,1
DA:268,2
DA:269,2
DA:273,2
DA:274,2
DA:281,2
DA:282,2
DA:283,2
DA:284,4
DA:285,2
DA:287,2
DA:289,2
DA:290,2
DA:292,1
DA:293,2
DA:294,2
DA:295,2
DA:300,2
DA:302,2
DA:303,4
DA:310,2
DA:312,1
DA:313,2
DA:314,2
DA:321,2
DA:322,2
DA:325,2
DA:326,1
DA:327,3
DA:328,3
DA:337,1
DA:342,3
DA:345,2
DA:346,2
DA:348,3
DA:349,1
DA:351,3
DA:353,1
DA:355,0
DA:356,0
DA:363,2
DA:366,2
DA:367,2
LF:130
LH:117
end_of_record
SF:lib\product_page.dart
DA:10,1
DA:12,2
DA:13,2
DA:24,2
DA:26,2
DA:27,2
DA:29,8
DA:30,2
DA:31,2
DA:33,2
DA:34,4
DA:36,4
DA:37,4
DA:38,2
DA:39,2
DA:42,4
DA:43,2
DA:46,4
DA:47,2
DA:51,2
DA:55,2
DA:57,4
DA:58,2
DA:61,0
DA:62,0
DA:65,0
DA:69,2
DA:70,2
DA:71,2
DA:74,2
DA:75,2
DA:76,2
DA:84,1
DA:87,1
DA:88,1
DA:89,1
DA:99,2
DA:103,2
DA:106,2
DA:107,2
DA:108,2
DA:109,2
DA:111,2
DA:114,2
DA:115,2
DA:116,4
DA:118,2
DA:120,2
DA:121,2
DA:123,2
DA:127,0
DA:129,0
DA:130,0
DA:133,0
DA:142,4
DA:149,2
DA:150,2
DA:152,2
DA:153,2
DA:156,2
DA:158,4
DA:163,6
DA:164,2
DA:166,6
DA:167,4
DA:168,2
DA:169,1
DA:170,2
DA:171,1
DA:174,2
DA:178,2
DA:180,2
DA:181,4
DA:182,2
DA:185,2
DA:188,2
DA:194,2
DA:196,6
DA:197,2
DA:198,2
DA:199,2
DA:200,2
DA:202,2
DA:204,2
DA:206,2
DA:219,2
DA:220,2
DA:221,2
DA:230,2
DA:241,2
DA:250,2
DA:253,2
DA:257,2
DA:265,2
DA:266,2
DA:267,4
DA:268,2
DA:270,2
DA:272,2
DA:273,2
DA:275,1
DA:276,2
DA:277,2
DA:278,2
DA:283,2
DA:284,4
DA:290,2
DA:292,1
DA:293,2
DA:294,2
DA:304,2
DA:307,2
DA:311,2
DA:319,2
DA:321,2
DA:322,4
DA:323,2
DA:325,2
DA:326,2
DA:328,6
DA:329,2
DA:331,2
DA:333,2
DA:334,1
DA:335,2
DA:336,1
DA:344,2
DA:347,2
DA:350,2
DA:351,2
DA:352,4
DA:365,2
DA:366,4
DA:375,2
DA:378,2
DA:381,2
DA:382,1
DA:383,1
DA:387,1
DA:390,1
DA:391,3
DA:394,2
DA:395,1
DA:396,2
DA:398,1
DA:400,0
DA:401,0
DA:408,2
DA:411,2
DA:412,2
DA:425,2
DA:428,2
DA:436,2
DA:437,2
LF:154
LH:145
end_of_record
SF:lib\sale_page.dart
DA:9,1
DA:11,3
DA:12,3
DA:21,3
DA:23,3
DA:24,18
DA:25,9
DA:28,3
DA:30,6
DA:31,3
DA:34,0
DA:35,0
DA:38,0
DA:42,1
DA:43,2
DA:44,1
DA:45,1
DA:46,1
DA:47,1
DA:48,5
DA:50,1
DA:51,1
DA:52,5
DA:55,0
DA:60,3
DA:62,3
DA:65,3
DA:66,3
DA:67,3
DA:68,3
DA:70,3
DA:73,3
DA:94,3
DA:97,3
DA:99,3
DA:102,3
DA:103,3
DA:104,3
DA:108,6
DA:109,3
DA:111,3
DA:113,3
DA:114,3
DA:121,3
DA:123,3
DA:125,3
DA:126,3
DA:128,3
DA:129,3
DA:130,6
DA:131,3
DA:135,3
DA:141,6
DA:142,3
DA:143,6
DA:144,3
DA:145,3
DA:146,3
DA:147,3
DA:148,3
DA:149,3
DA:161,6
DA:176,3
DA:185,3
DA:187,3
DA:188,1
DA:189,1
DA:192,1
DA:193,1
DA:194,1
DA:195,1
DA:196,1
DA:197,1
DA:201,3
DA:202,3
DA:204,3
DA:205,6
DA:214,3
DA:216,3
DA:217,3
DA:218,3
DA:221,3
DA:223,6
DA:224,3
DA:225,3
DA:228,3
DA:229,3
DA:230,3
DA:238,0
DA:239,0
DA:242,0
DA:243,0
DA:244,0
DA:255,3
DA:257,3
DA:259,3
DA:260,3
DA:261,3
DA:271,3
DA:272,3
DA:275,3
DA:276,3
DA:277,3
DA:284,3
DA:285,3
DA:295,0
DA:296,0
LF:107
LH:96
end_of_record
SF:lib\login_page.dart
DA:7,1
DA:9,2
DA:10,2
DA:19,1
DA:20,2
DA:23,1
DA:24,3
DA:26,3
DA:29,2
DA:33,2
DA:35,4
DA:36,4
DA:37,4
DA:38,2
DA:41,2
DA:43,2
DA:46,2
DA:47,2
DA:48,2
DA:49,2
DA:51,2
DA:53,2
DA:54,2
DA:57,2
DA:59,2
DA:60,4
DA:69,2
DA:70,2
DA:71,2
DA:73,2
DA:74,2
DA:86,2
DA:87,2
DA:93,1
DA:94,1
DA:97,1
DA:98,1
DA:105,2
DA:106,2
DA:113,1
DA:114,1
DA:121,2
DA:124,2
DA:125,2
DA:126,2
DA:129,2
DA:130,2
DA:137,2
DA:138,0
DA:139,0
DA:152,4
LF:51
LH:49
end_of_record
SF:lib\signup_page.dart
DA:7,1
DA:9,1
DA:10,1
DA:20,1
DA:21,3
DA:22,3
DA:25,3
DA:29,1
DA:31,2
DA:32,2
DA:33,2
DA:34,2
DA:35,1
DA:38,1
DA:40,1
DA:43,1
DA:44,1
DA:45,1
DA:46,1
DA:47,1
DA:49,1
DA:50,1
DA:53,1
DA:55,1
DA:56,2
DA:65,1
DA:66,1
DA:67,1
DA:69,1
DA:70,1
DA:82,1
DA:83,1
DA:89,1
DA:90,1
DA:93,1
DA:100,1
DA:101,1
DA:108,1
DA:109,1
DA:112,2
DA:119,1
DA:120,1
DA:127,1
DA:128,1
DA:131,3
DA:138,1
DA:141,1
DA:142,1
DA:143,1
DA:146,1
DA:147,1
DA:154,1
DA:155,1
DA:156,1
DA:169,2
LF:55
LH:55
end_of_record
SF:lib\collections_page.dart
DA:7,1
DA:9,3
DA:10,3
DA:16,3
DA:18,6
DA:19,3
DA:22,0
DA:23,0
DA:26,0
DA:30,3
DA:32,3
DA:35,3
DA:36,3
DA:37,3
DA:38,3
DA:40,3
DA:64,3
DA:66,3
DA:68,3
DA:69,3
DA:71,3
DA:72,3
DA:73,6
DA:74,3
DA:108,6
DA:121,1
DA:128,3
DA:130,3
DA:131,1
DA:132,1
DA:133,2
DA:136,3
DA:137,3
DA:139,3
DA:140,6
DA:149,3
DA:150,3
DA:151,3
DA:152,3
DA:153,3
DA:154,3
DA:155,3
DA:157,3
DA:158,3
DA:159,3
DA:169,3
DA:170,3
DA:171,3
DA:172,3
DA:181,3
DA:185,3
DA:186,3
LF:52
LH:49
end_of_record
SF:lib\collection_one_page.dart
DA:8,1
DA:10,1
DA:11,1
DA:20,1
DA:22,1
DA:23,2
DA:24,1
DA:32,1
DA:41,1
DA:50,3
DA:53,1
DA:55,2
DA:56,1
DA:59,0
DA:60,0
DA:63,0
DA:67,1
DA:68,2
DA:69,1
DA:70,1
DA:71,1
DA:72,1
DA:73,5
DA:75,1
DA:76,1
DA:77,5
DA:80,0
DA:85,1
DA:87,1
DA:90,1
DA:91,1
DA:92,1
DA:93,1
DA:95,1
DA:119,1
DA:122,1
DA:124,1
DA:129,1
DA:130,1
DA:133,1
DA:134,1
DA:135,1
DA:139,2
DA:140,1
DA:142,1
DA:144,1
DA:145,1
DA:154,1
DA:156,1
DA:158,1
DA:159,1
DA:161,1
DA:162,1
DA:163,2
DA:164,1
DA:168,1
DA:174,2
DA:175,1
DA:176,2
DA:177,1
DA:178,1
DA:179,1
DA:180,1
DA:181,1
DA:182,1
DA:192,2
DA:207,2
DA:216,2
DA:218,2
DA:219,2
DA:220,2
DA:223,2
DA:224,2
DA:225,2
DA:226,2
DA:227,2
DA:228,2
DA:232,2
DA:233,2
DA:235,2
DA:236,4
DA:245,2
DA:247,2
DA:248,2
DA:249,2
DA:252,2
DA:254,4
DA:255,2
DA:256,2
DA:259,2
DA:260,2
DA:261,2
DA:269,0
DA:270,0
DA:273,0
DA:274,0
DA:275,0
DA:286,2
DA:288,2
DA:290,2
DA:291,2
DA:292,2
DA:302,2
DA:303,2
DA:306,2
DA:307,2
DA:308,2
DA:315,2
DA:316,2
DA:326,2
DA:327,2
LF:111
LH:102
end_of_record
SF:lib\collection_two_page.dart
DA:9,1
DA:11,1
DA:12,1
DA:21,1
DA:23,1
DA:24,2
DA:25,1
DA:34,1
DA:43,1
DA:52,1
DA:61,1
DA:69,1
DA:78,3
DA:81,1
DA:83,2
DA:84,1
DA:87,0
DA:88,0
DA:91,1
DA:92,2
DA:93,1
DA:94,1
DA:95,1
DA:96,1
DA:97,5
DA:99,1
DA:100,1
DA:101,5
DA:104,0
DA:109,1
DA:111,1
DA:114,1
DA:115,1
DA:116,1
DA:117,1
DA:119,1
DA:143,1
DA:146,1
DA:148,1
DA:153,1
DA:154,1
DA:157,1
DA:158,1
DA:159,1
DA:163,2
DA:164,1
DA:166,1
DA:168,1
DA:169,1
DA:178,1
DA:180,1
DA:182,1
DA:183,1
DA:185,1
DA:186,1
DA:187,2
DA:188,1
DA:192,1
DA:198,2
DA:199,1
DA:200,2
DA:201,1
DA:202,1
DA:203,1
DA:204,1
DA:205,1
DA:206,1
DA:216,2
LF:68
LH:65
end_of_record
SF:lib\printshark_page.dart
DA:7,1
DA:9,2
DA:10,2
DA:16,2
DA:18,4
DA:19,2
DA:22,0
DA:23,0
DA:26,0
DA:30,2
DA:32,2
DA:35,2
DA:36,2
DA:37,2
DA:38,2
DA:39,2
DA:57,2
DA:60,2
DA:61,2
DA:63,2
DA:65,2
DA:83,2
DA:88,2
DA:93,2
DA:98,2
DA:109,2
DA:112,2
DA:115,2
DA:118,2
DA:125,2
DA:127,2
DA:128,1
DA:129,1
DA:131,2
DA:136,2
DA:137,2
DA:146,4
DA:153,2
DA:154,2
DA:156,2
DA:159,2
DA:160,2
DA:162,2
DA:163,2
DA:169,2
DA:180,2
DA:181,2
DA:183,2
DA:184,2
DA:186,2
DA:187,2
LF:51
LH:48
end_of_record
SF:lib\cart_page.dart
DA:9,1
DA:11,2
DA:12,2
DA:19,2
DA:21,4
DA:22,2
DA:25,1
DA:26,2
DA:29,1
DA:30,2
DA:31,1
DA:35,1
DA:38,1
DA:62,1
DA:65,1
DA:66,2
DA:69,1
DA:72,1
DA:73,1
DA:74,1
DA:76,1
DA:77,1
DA:79,1
DA:80,1
DA:102,1
DA:103,1
DA:104,1
DA:105,2
DA:107,2
DA:108,1
DA:117,2
DA:118,1
DA:123,2
DA:125,2
DA:127,2
DA:130,2
DA:131,2
DA:132,2
DA:133,2
DA:135,2
DA:137,4
DA:159,2
DA:161,2
DA:168,2
DA:171,4
DA:172,4
DA:173,4
DA:183,2
DA:185,2
DA:191,2
DA:192,6
DA:215,2
DA:217,2
DA:223,2
DA:224,6
DA:231,2
DA:234,2
DA:235,2
DA:237,1
DA:238,1
DA:240,2
DA:244,2
DA:260,4
DA:271,2
DA:273,2
DA:275,4
DA:276,4
DA:279,0
DA:281,0
DA:283,0
DA:284,0
DA:285,0
DA:289,0
DA:293,0
DA:294,0
DA:296,0
DA:297,0
DA:298,0
DA:303,0
DA:304,0
DA:309,0
DA:311,0
DA:312,0
DA:313,0
DA:316,0
DA:317,0
DA:318,0
DA:331,2
DA:333,2
DA:335,2
DA:336,2
DA:337,6
DA:341,2
DA:345,2
DA:346,2
DA:348,2
DA:349,2
DA:350,6
DA:355,2
DA:359,2
DA:360,2
DA:361,2
DA:362,6
DA:372,2
DA:374,2
DA:375,2
DA:376,16
DA:380,2
DA:382,1
DA:383,1
DA:384,4
DA:395,2
DA:396,2
DA:397,2
DA:398,4
DA:399,2
DA:401,2
DA:402,2
DA:403,2
DA:405,2
DA:406,2
DA:407,8
DA:412,2
DA:413,6
DA:416,2
DA:418,2
DA:419,2
DA:420,8
LF:128
LH:108
end_of_record
SF:lib\search_delegate.dart
DA:6,1
DA:8,1
DA:9,1
DA:11,1
DA:12,1
DA:18,1
DA:20,1
DA:22,1
DA:23,1
DA:28,0
DA:30,0
DA:31,0
DA:32,0
DA:33,0
DA:36,0
DA:37,0
DA:38,0
DA:39,0
DA:40,0
DA:41,0
DA:42,0
DA:43,0
DA:46,0
DA:47,0
DA:48,0
DA:49,0
DA:50,0
DA:51,0
DA:60,1
DA:62,1
DA:63,2
DA:64,5
DA:65,1
DA:68,1
DA:69,1
DA:70,1
DA:71,1
DA:72,1
DA:73,2
DA:74,0
DA:75,0
DA:76,0
LF:42
LH:20
end_of_record
